input\sw01.ipk
#BLOCK: sdw\sw01\sw01_obj.hdb                                           
	LB Count:	166
		LB 0:	10	140	0	4832	140	@4880
			73 77 30 31 5F 30 31 00 00 00 00 00 00 00 00 00 00 00 00 00 00 00 00 00 00 00 00 00 73 77 30 31 5F 30 32 00 00 00 00 00 00 00 00 00 00 00 00 00 00 00 00 00 00 00 00 00 73 77 30 31 5F 30 32 5F 6E 00 00 00 00 00 00 00 00 00 00 00 00 00 00 00 00 00 00 02 73 77 30 31 5F 30 31 5F 6E 00 00 00 00 00 00 00 00 00 00 00 00 00 00 00 00 00 00 02 73 77 30 31 5F 30 33 00 00 00 00 00 00 00 00 00 00 00 00 00 00 00 00 00 00 00 00 00 
		LB 1:	11	16	0	4956	8	@5020
			00 00 00 05 FF FF FF 70 00 00 00 03 00 00 00 00 
		BONE:	eyesShape 0 3
		BONE:	tungShape 1 2
		BONE:	sw0Shape1 2 1
		BONE:	tongue3 3 38
		BONE:	tongue2 4 37
		BONE:	tongue1 5 36
		BONE:	tongue 6 35
		BONE:	tin 7 31
		BONE:	lefteye 8 32
		BONE:	righteye 9 33
		BONE:	nose 10 34
		BONE:	head 11 30
		BONE:	neck2 12 29
		BONE:	neck1 13 28
		BONE:	neck 14 23
		BONE:	leftthumb3 15 48
		BONE:	leftthumb2 16 47
		BONE:	leftthumb1 17 42
		BONE:	leftindex3 18 50
		BONE:	leftindex2 19 49
		BONE:	leftindex1 20 43
		BONE:	leftmiddle3 21 52
		BONE:	leftmiddle2 22 51
		BONE:	leftmiddle1 23 44
		BONE:	leftring3 24 54
		BONE:	leftring2 25 53
		BONE:	leftring1 26 45
		BONE:	leftpinky3 27 56
		BONE:	leftpinky2 28 55
		BONE:	leftpinky1 29 46
		BONE:	lefthand 30 41
		BONE:	leftforearm 31 40
		BONE:	leftarm 32 39
		BONE:	leftshoulder 33 24
		BONE:	l_wing_skl33 34 65
		BONE:	l_wing_skl32 35 64
		BONE:	l_wing_skl31 36 61
		BONE:	l_wing_skl23 37 67
		BONE:	l_wing_skl22 38 66
		BONE:	l_wing_skl21 39 62
		BONE:	l_wing_skl13 40 69
		BONE:	l_wing_skl12 41 68
		BONE:	l_wing_skl11 42 63
		BONE:	leftwing4 43 60
		BONE:	leftwing3 44 59
		BONE:	leftwing2 45 58
		BONE:	leftwing1 46 57
		BONE:	leftwing 47 25
		BONE:	rightthumb3 48 79
		BONE:	rightthumb2 49 78
		BONE:	rightthumb1 50 73
		BONE:	rightindex3 51 81
		BONE:	rightindex2 52 80
		BONE:	rightindex1 53 74
		BONE:	rightmiddle3 54 83
		BONE:	rightmiddle2 55 82
		BONE:	rightmiddle1 56 75
		BONE:	rightring3 57 85
		BONE:	rightring2 58 84
		BONE:	rightring1 59 76
		BONE:	rightpinky3 60 87
		BONE:	rightpinky2 61 86
		BONE:	rightpinky1 62 77
		BONE:	righthand 63 72
		BONE:	rightforearm 64 71
		BONE:	rightarm 65 70
		BONE:	rightshoulder 66 26
		BONE:	r_wing_skl33 67 96
		BONE:	r_wing_skl32 68 95
		BONE:	r_wing_skl31 69 92
		BONE:	r_wing_skl23 70 98
		BONE:	r_wing_skl22 71 97
		BONE:	r_wing_skl21 72 93
		BONE:	r_wing_skl13 73 100
		BONE:	r_wing_skl12 74 99
		BONE:	r_wing_skl11 75 94
		BONE:	rightwing4 76 91
		BONE:	rightwing3 77 90
		BONE:	rightwing2 78 89
		BONE:	rightwing1 79 88
		BONE:	rightwing 80 27
		BONE:	spine2 81 22
		BONE:	spine1 82 21
		BONE:	spine 83 20
		BONE:	connection13 84 19
		BONE:	connection12 85 18
		BONE:	connection11 86 17
		BONE:	connection10 87 16
		BONE:	connection9 88 15
		BONE:	connection8 89 14
		BONE:	connection7 90 13
		BONE:	connection6 91 12
		BONE:	connection5 92 11
		BONE:	connection4 93 10
		BONE:	connection3 94 9
		BONE:	connection2 95 8
		BONE:	connection1 96 7
		BONE:	connection 97 5
		BONE:	leftfoot 98 103
		BONE:	leftleg 99 101
		BONE:	rightfoot 100 104
		BONE:	rightleg 101 102
		BONE:	waist 102 6
		RC:	
				50 00 40 00 00 00 01 02 06 FE 94 00 7F FF FF FF 04 19 93 7F 7F 7F 60 00 02 01 00 1E 20 00 01 FF 00 00 40 00 00 01 01 01 06 FF 04 3F 93 33 33 33 08 04 60 01 05 02 02 16 00 38 00 37 00 36 00 35 00 34 00 33 00 32 00 31 00 30 00 2F 00 2E 00 2D 00 2C 00 2B 00 2A 00 29 00 28 00 27 00 1F 00 1E 00 1D 00 1C 20 00 0C 5C 02 01 40 00 00 02 04 3F 93 33 33 33 02 13 00 38 00 37 00 36 00 35 00 34 00 33 00 32 00 31 00 30 00 2F 00 2E 00 2D 00 2C 00 2B 00 2A 00 29 00 28 00 27 00 18 20 00 07 1B 0E 5F 40 00 00 03 04 3F 93 33 33 33 02 08 00 27 00 1F 00 1E 00 1D 00 1C 00 18 00 17 00 16 20 00 00 9E 15 7C 40 00 00 04 04 3F 93 33 33 33 02 05 00 1E 00 1D 00 1C 00 17 00 16 20 00 00 1D 16 1C 40 00 00 05 04 3F 93 33 33 33 60 00 05 03 02 16 00 27 00 1E 00 1D 00 1C 00 19 00 18 00 17 00 16 00 15 00 14 00 13 00 12 00 11 00 10 00 0F 00 0E 00 0D 00 0C 00 0B 00 0A 00 09 00 08 20 00 01 F8 16 3B 40 00 00 06 04 3F 93 33 33 33 02 11 00 27 00 1C 00 1A 00 19 00 18 00 17 00 16 00 15 00 14 00 13 00 12 00 11 00 10 00 0F 00 0E 00 0D 00 0C 20 00 01 15 18 35 40 00 00 07 04 3F 93 33 33 33 02 16 00 45 00 44 00 43 00 42 00 41 00 40 00 3F 00 3E 00 3D 00 3C 00 3B 00 3A 00 39 00 26 00 23 00 22 00 1F 00 1E 00 19 00 16 00 15 00 14 20 00 0A 92 19 4C 40 00 00 08 04 3F 93 33 33 33 02 0B 00 45 00 44 00 43 00 42 00 40 00 3F 00 3E 00 3D 00 3B 00 3A 00 39 20 00 00 23 23 E0 40 00 00 09 04 3F 93 33 33 33 08 00 60 04 05 FF 02 06 00 68 00 67 00 66 00 65 00 06 00 05 20 00 02 11 24 05 40 00 00 0A 04 3F 93 33 33 33 02 04 00 66 00 65 00 06 00 05 20 00 00 C0 26 18 40 00 00 0B 04 3F 93 33 33 33 02 04 00 68 00 67 00 66 00 65 20 00 01 DF 26 DA 40 00 00 0C 04 3F 93 33 33 33 08 04 60 01 05 02 02 09 00 47 00 46 00 1F 00 1E 00 1D 00 1C 00 1A 00 17 00 16 20 00 03 2A 28 BB 40 00 00 0D 04 3F 93 33 33 33 02 08 00 46 00 1F 00 1E 00 1D 00 1C 00 1A 00 17 00 16 20 00 00 AA 2B E7 40 00 00 0E 04 3F 93 33 33 33 02 06 00 47 00 46 00 1F 00 1E 00 1D 00 1C 20 00 04 D9 2C 93 40 00 00 0F 04 3F 93 33 33 33 02 05 00 1E 00 1D 00 1C 00 17 00 16 20 00 00 1E 31 6E 40 00 00 10 04 3F 93 33 33 33 60 00 05 03 02 16 00 46 00 1E 00 1D 00 1C 00 1B 00 1A 00 17 00 16 00 15 00 14 00 13 00 12 00 11 00 10 00 0F 00 0E 00 0D 00 0C 00 0B 00 0A 00 09 00 08 20 00 02 01 31 8E 40 00 00 11 04 3F 93 33 33 33 02 11 00 46 00 1C 00 1B 00 1A 00 18 00 17 00 16 00 15 00 14 00 13 00 12 00 11 00 10 00 0F 00 0E 00 0D 00 0C 20 00 01 0C 33 91 40 00 00 12 04 3F 93 33 33 33 02 16 00 64 00 63 00 62 00 61 00 60 00 5F 00 5E 00 5D 00 5C 00 5B 00 5A 00 59 00 58 00 26 00 23 00 22 00 1F 00 1E 00 1B 00 16 00 15 00 14 20 00 0A 6F 34 9F 40 00 00 13 04 3F 93 33 33 33 02 0B 00 64 00 63 00 62 00 61 00 5F 00 5E 00 5D 00 5C 00 5A 00 59 00 58 20 00 00 23 3F 10 40 00 00 14 04 4C 93 7F 7F 7F 08 00 05 FF 02 02 00 21 00 20 20 00 01 0D 3F 35 40 00 00 15 04 3F 93 33 33 33 08 04 60 01 05 02 02 17 00 57 00 56 00 55 00 54 00 53 00 52 00 51 00 50 00 4F 00 4D 00 4C 00 4A 00 49 00 48 00 38 00 36 00 34 00 32 00 28 00 27 00 1F 00 1E 00 1D 20 00 03 77 40 44 40 00 00 16 04 3F 93 33 33 33 02 09 00 28 00 27 00 1F 00 1E 00 1D 00 1C 00 18 00 17 00 16 20 00 01 EC 43 BD 40 00 00 17 04 3F 93 33 33 33 60 00 05 03 02 0F 00 45 00 44 00 42 00 3F 00 3E 00 3D 00 3C 00 3B 00 3A 00 39 00 19 00 18 00 16 00 15 00 14 20 00 01 A4 45 AB 40 00 00 18 04 3F 93 33 33 33 02 11 00 22 00 1F 00 1E 00 1D 00 11 00 10 00 0F 00 0E 00 0D 00 0C 00 0B 00 0A 00 09 00 08 00 07 00 06 00 05 20 00 01 B6 47 51 40 00 00 19 04 3F 93 33 33 33 02 16 00 39 00 27 00 22 00 1F 00 1E 00 19 00 18 00 17 00 16 00 15 00 14 00 13 00 11 00 10 00 0F 00 0E 00 0D 00 0C 00 0B 00 0A 00 09 00 05 20 00 01 F1 49 09 40 00 00 1A 04 3F 93 33 33 33 02 18 00 45 00 44 00 43 00 42 00 41 00 40 00 3F 00 3E 00 3B 00 3A 00 39 00 27 00 19 00 18 00 16 00 15 00 14 00 13 00 11 00 10 00 0F 00 0E 00 0D 00 0C 20 00 00 F7 4A FC 40 00 00 1B 04 3F 93 33 33 33 02 17 00 45 00 44 00 43 00 42 00 41 00 40 00 3F 00 3E 00 3D 00 39 00 27 00 1A 00 19 00 18 00 17 00 16 00 15 00 14 00 0A 00 09 00 08 00 07 00 05 20 00 01 0A 4B F5 40 00 00 1C 04 3F 93 33 33 33 02 0F 00 64 00 63 00 61 00 5E 00 5D 00 5C 00 5B 00 5A 00 59 00 58 00 1B 00 1A 00 16 00 15 00 14 20 00 01 A6 4D 01 40 00 00 1D 04 3F 93 33 33 33 02 14 00 22 00 1F 00 1E 00 1D 00 14 00 13 00 12 00 11 00 10 00 0F 00 0E 00 0D 00 0C 00 0B 00 0A 00 09 00 08 00 07 00 06 00 05 20 00 01 CC 4E A9 40 00 00 1E 04 3F 93 33 33 33 02 16 00 58 00 46 00 22 00 1F 00 1E 00 1B 00 1A 00 17 00 16 00 15 00 14 00 13 00 11 00 10 00 0F 00 0E 00 0D 00 0C 00 0B 00 0A 00 09 00 05 20 00 01 F2 50 77 40 00 00 1F 04 3F 93 33 33 33 02 18 00 64 00 63 00 62 00 61 00 60 00 5F 00 5E 00 5D 00 5A 00 59 00 58 00 46 00 1B 00 1A 00 16 00 15 00 14 00 13 00 11 00 10 00 0F 00 0E 00 0D 00 0C 20 00 00 FE 52 6B 40 00 00 20 04 3F 93 33 33 33 02 17 00 64 00 63 00 62 00 61 00 60 00 5F 00 5E 00 5D 00 5C 00 58 00 46 00 1B 00 1A 00 18 00 17 00 16 00 15 00 14 00 0A 00 09 00 08 00 07 00 05 20 00 00 FD 53 6B 40 00 00 21 04 3F 93 33 33 33 60 01 05 02 02 10 00 57 00 56 00 55 00 54 00 53 00 52 00 51 00 50 00 4F 00 4E 00 4D 00 4C 00 4B 00 4A 00 48 00 47 20 00 06 28 54 6A 40 00 00 22 04 3F 93 33 33 33 02 10 00 57 00 56 00 55 00 54 00 53 00 52 00 51 00 50 00 4F 00 4D 00 4C 00 4B 00 4A 00 49 00 48 00 47 20 00 03 A0 5A 94 40 00 00 23 04 3F 93 33 33 33 02 11 00 57 00 56 00 55 00 54 00 53 00 52 00 51 00 50 00 4F 00 4E 00 4D 00 4C 00 4B 00 4A 00 49 00 48 00 47 20 00 03 B9 5E 36 40 00 00 24 04 3F 93 33 33 33 02 18 00 57 00 56 00 55 00 54 00 53 00 52 00 51 00 50 00 4F 00 4E 00 4D 00 4C 00 4B 00 4A 00 49 00 48 00 28 00 27 00 1E 00 1D 00 1C 00 18 00 17 00 16 20 00 02 63 61 F1 40 00 00 25 04 3F 93 33 33 33 60 00 05 03 02 15 00 1F 00 1E 00 18 00 16 00 15 00 14 00 13 00 12 00 11 00 10 00 0F 00 0E 00 0D 00 0C 00 0B 00 0A 00 09 00 08 00 07 00 06 00 05 20 00 01 BB 64 56 40 00 00 26 04 3F 93 33 33 33 02 15 00 3F 00 3E 00 3C 00 3B 00 3A 00 39 00 19 00 18 00 17 00 16 00 15 00 14 00 13 00 12 00 11 00 10 00 0F 00 0E 00 0D 00 0C 00 0B 20 00 00 E2 66 13 40 00 00 27 04 3F 93 33 33 33 02 12 00 45 00 44 00 43 00 42 00 41 00 40 00 3F 00 3E 00 3D 00 3B 00 3A 00 39 00 18 00 16 00 14 00 13 00 12 00 11 20 00 01 9F 66 F7 40 00 00 28 04 3F 93 33 33 33 02 17 00 44 00 42 00 3F 00 3E 00 3D 00 3B 00 3A 00 39 00 27 00 1A 00 18 00 17 00 16 00 15 00 0F 00 0E 00 0D 00 0C 00 0A 00 09 00 08 00 07 00 05 20 00 00 97 68 98 40 00 00 29 04 3F 93 33 33 33 02 15 00 1F 00 1E 00 1A 00 16 00 15 00 14 00 13 00 12 00 11 00 10 00 0F 00 0E 00 0D 00 0C 00 0B 00 0A 00 09 00 08 00 07 00 06 00 05 20 00 01 AC 69 31 40 00 00 2A 04 3F 93 33 33 33 02 15 00 5E 00 5D 00 5B 00 5A 00 59 00 58 00 1B 00 1A 00 17 00 16 00 15 00 14 00 13 00 12 00 11 00 10 00 0F 00 0E 00 0D 00 0C 00 0B 20 00 00 E4 6A DF 40 00 00 2B 04 3F 93 33 33 33 02 0E 00 64 00 63 00 62 00 61 00 60 00 5F 00 5E 00 5D 00 5C 00 5A 00 59 00 58 00 1A 00 16 20 00 01 A9 6B C5 40 00 00 2C 04 3F 93 33 33 33 02 17 00 63 00 61 00 5E 00 5D 00 5C 00 5A 00 59 00 58 00 46 00 1A 00 17 00 16 00 15 00 10 00 0F 00 0E 00 0D 00 0C 00 0A 00 09 00 08 00 07 00 05 20 00 00 89 6D 70 40 00 00 2D 04 3F 93 33 33 33 02 11 00 3F 00 3C 00 3B 00 3A 00 39 00 22 00 1F 00 1E 00 19 00 18 00 16 00 15 00 14 00 13 00 07 00 06 00 05 20 00 01 14 6D FB 40 00 00 2E 04 3F 93 33 33 33 02 12 00 17 00 16 00 15 00 14 00 13 00 12 00 11 00 10 00 0F 00 0E 00 0D 00 0C 00 0B 00 0A 00 09 00 08 00 07 00 05 20 00 00 B4 6F 11 40 00 00 2F 04 3F 93 33 33 33 02 09 00 27 00 26 00 25 00 24 00 23 00 18 00 17 00 16 00 15 20 00 00 79 6F C7 40 00 00 30 04 3F 93 33 33 33 02 11 00 5E 00 5B 00 5A 00 59 00 58 00 22 00 1F 00 1E 00 1B 00 1A 00 16 00 15 00 14 00 13 00 07 00 06 00 05 20 00 01 0E 70 42 40 00 00 31 04 3F 93 33 33 33 02 12 00 17 00 16 00 15 00 14 00 13 00 12 00 11 00 10 00 0F 00 0E 00 0D 00 0C 00 0B 00 0A 00 09 00 08 00 07 00 05 20 00 00 BF 71 52 40 00 00 32 04 3F 93 33 33 33 02 0B 00 46 00 26 00 25 00 24 00 23 00 1B 00 1A 00 18 00 17 00 16 00 15 20 00 00 71 72 13 40 00 00 33 04 3F 93 33 33 33 02 17 00 43 00 42 00 41 00 40 00 3F 00 3E 00 3D 00 3B 00 3A 00 39 00 27 00 26 00 25 00 24 00 23 00 1F 00 1E 00 19 00 18 00 17 00 16 00 15 00 14 20 00 00 FD 72 86 40 00 00 34 04 3F 93 33 33 33 02 17 00 62 00 61 00 60 00 5F 00 5E 00 5D 00 5C 00 5A 00 59 00 58 00 46 00 26 00 25 00 24 00 23 00 1F 00 1E 00 1B 00 1A 00 17 00 16 00 15 00 14 20 00 00 FD 73 85 00 FF 
			0x50 Indication: 0
			VA Set: 0 (0)
			1 Selection: 2
			6 Selection: 254
			94 Sect: 
			4 Selection: 25
			93 Sect: 7F 7F 7F 
			0x60 Selection: 0
			MP: 1	30 	02 01 00 1E 
			IA (0x20) Range: Start:0	Size:513	20 00 01 FF 00 00 	1 0
			VA Set: 1 (1)
			1 Selection: 1
			6 Selection: 255
			4 Selection: 63
			93 Sect: 33 33 33 
			8 Selection: 4
			0x60 Selection: 1
			5 Selection: 2
			MP: 22	56 55 54 53 52 51 50 49 48 47 46 45 44 43 42 41 40 39 31 30 29 28 	02 16 00 38 00 37 00 36 00 35 00 34 00 33 00 32 00 31 00 30 00 2F 00 2E 00 2D 00 2C 00 2B 00 2A 00 29 00 28 00 27 00 1F 00 1E 00 1D 00 1C 
			IA (0x20) Range: Start:513	Size:3166	20 00 0C 5C 02 01 	1 513
			VA Set: 2 (2)
			4 Selection: 63
			93 Sect: 33 33 33 
			MP: 19	56 55 54 53 52 51 50 49 48 47 46 45 44 43 42 41 40 39 24 	02 13 00 38 00 37 00 36 00 35 00 34 00 33 00 32 00 31 00 30 00 2F 00 2E 00 2D 00 2C 00 2B 00 2A 00 29 00 28 00 27 00 18 
			IA (0x20) Range: Start:3679	Size:1821	20 00 07 1B 0E 5F 	1 3679
			VA Set: 3 (3)
			4 Selection: 63
			93 Sect: 33 33 33 
			MP: 8	39 31 30 29 28 24 23 22 	02 08 00 27 00 1F 00 1E 00 1D 00 1C 00 18 00 17 00 16 
			IA (0x20) Range: Start:5500	Size:160	20 00 00 9E 15 7C 	1 5500
			VA Set: 4 (4)
			4 Selection: 63
			93 Sect: 33 33 33 
			MP: 5	30 29 28 23 22 	02 05 00 1E 00 1D 00 1C 00 17 00 16 
			IA (0x20) Range: Start:5660	Size:31	20 00 00 1D 16 1C 	1 5660
			VA Set: 5 (5)
			4 Selection: 63
			93 Sect: 33 33 33 
			0x60 Selection: 0
			5 Selection: 3
			MP: 22	39 30 29 28 25 24 23 22 21 20 19 18 17 16 15 14 13 12 11 10 9 8 	02 16 00 27 00 1E 00 1D 00 1C 00 19 00 18 00 17 00 16 00 15 00 14 00 13 00 12 00 11 00 10 00 0F 00 0E 00 0D 00 0C 00 0B 00 0A 00 09 00 08 
			IA (0x20) Range: Start:5691	Size:506	20 00 01 F8 16 3B 	1 5691
			VA Set: 6 (6)
			4 Selection: 63
			93 Sect: 33 33 33 
			MP: 17	39 28 26 25 24 23 22 21 20 19 18 17 16 15 14 13 12 	02 11 00 27 00 1C 00 1A 00 19 00 18 00 17 00 16 00 15 00 14 00 13 00 12 00 11 00 10 00 0F 00 0E 00 0D 00 0C 
			IA (0x20) Range: Start:6197	Size:279	20 00 01 15 18 35 	1 6197
			VA Set: 7 (7)
			4 Selection: 63
			93 Sect: 33 33 33 
			MP: 22	69 68 67 66 65 64 63 62 61 60 59 58 57 38 35 34 31 30 25 22 21 20 	02 16 00 45 00 44 00 43 00 42 00 41 00 40 00 3F 00 3E 00 3D 00 3C 00 3B 00 3A 00 39 00 26 00 23 00 22 00 1F 00 1E 00 19 00 16 00 15 00 14 
			IA (0x20) Range: Start:6476	Size:2708	20 00 0A 92 19 4C 	1 6476
			VA Set: 8 (8)
			4 Selection: 63
			93 Sect: 33 33 33 
			MP: 11	69 68 67 66 64 63 62 61 59 58 57 	02 0B 00 45 00 44 00 43 00 42 00 40 00 3F 00 3E 00 3D 00 3B 00 3A 00 39 
			IA (0x20) Range: Start:9184	Size:37	20 00 00 23 23 E0 	1 9184
			VA Set: 9 (9)
			4 Selection: 63
			93 Sect: 33 33 33 
			8 Selection: 0
			0x60 Selection: 4
			5 Selection: 255
			MP: 6	104 103 102 101 6 5 	02 06 00 68 00 67 00 66 00 65 00 06 00 05 
			IA (0x20) Range: Start:9221	Size:531	20 00 02 11 24 05 	1 9221
			VA Set: 10 (10)
			4 Selection: 63
			93 Sect: 33 33 33 
			MP: 4	102 101 6 5 	02 04 00 66 00 65 00 06 00 05 
			IA (0x20) Range: Start:9752	Size:194	20 00 00 C0 26 18 	1 9752
			VA Set: 11 (11)
			4 Selection: 63
			93 Sect: 33 33 33 
			MP: 4	104 103 102 101 	02 04 00 68 00 67 00 66 00 65 
			IA (0x20) Range: Start:9946	Size:481	20 00 01 DF 26 DA 	1 9946
			VA Set: 12 (12)
			4 Selection: 63
			93 Sect: 33 33 33 
			8 Selection: 4
			0x60 Selection: 1
			5 Selection: 2
			MP: 9	71 70 31 30 29 28 26 23 22 	02 09 00 47 00 46 00 1F 00 1E 00 1D 00 1C 00 1A 00 17 00 16 
			IA (0x20) Range: Start:10427	Size:812	20 00 03 2A 28 BB 	1 10427
			VA Set: 13 (13)
			4 Selection: 63
			93 Sect: 33 33 33 
			MP: 8	70 31 30 29 28 26 23 22 	02 08 00 46 00 1F 00 1E 00 1D 00 1C 00 1A 00 17 00 16 
			IA (0x20) Range: Start:11239	Size:172	20 00 00 AA 2B E7 	1 11239
			VA Set: 14 (14)
			4 Selection: 63
			93 Sect: 33 33 33 
			MP: 6	71 70 31 30 29 28 	02 06 00 47 00 46 00 1F 00 1E 00 1D 00 1C 
			IA (0x20) Range: Start:11411	Size:1243	20 00 04 D9 2C 93 	1 11411
			VA Set: 15 (15)
			4 Selection: 63
			93 Sect: 33 33 33 
			MP: 5	30 29 28 23 22 	02 05 00 1E 00 1D 00 1C 00 17 00 16 
			IA (0x20) Range: Start:12654	Size:32	20 00 00 1E 31 6E 	1 12654
			VA Set: 16 (16)
			4 Selection: 63
			93 Sect: 33 33 33 
			0x60 Selection: 0
			5 Selection: 3
			MP: 22	70 30 29 28 27 26 23 22 21 20 19 18 17 16 15 14 13 12 11 10 9 8 	02 16 00 46 00 1E 00 1D 00 1C 00 1B 00 1A 00 17 00 16 00 15 00 14 00 13 00 12 00 11 00 10 00 0F 00 0E 00 0D 00 0C 00 0B 00 0A 00 09 00 08 
			IA (0x20) Range: Start:12686	Size:515	20 00 02 01 31 8E 	1 12686
			VA Set: 17 (17)
			4 Selection: 63
			93 Sect: 33 33 33 
			MP: 17	70 28 27 26 24 23 22 21 20 19 18 17 16 15 14 13 12 	02 11 00 46 00 1C 00 1B 00 1A 00 18 00 17 00 16 00 15 00 14 00 13 00 12 00 11 00 10 00 0F 00 0E 00 0D 00 0C 
			IA (0x20) Range: Start:13201	Size:270	20 00 01 0C 33 91 	1 13201
			VA Set: 18 (18)
			4 Selection: 63
			93 Sect: 33 33 33 
			MP: 22	100 99 98 97 96 95 94 93 92 91 90 89 88 38 35 34 31 30 27 22 21 20 	02 16 00 64 00 63 00 62 00 61 00 60 00 5F 00 5E 00 5D 00 5C 00 5B 00 5A 00 59 00 58 00 26 00 23 00 22 00 1F 00 1E 00 1B 00 16 00 15 00 14 
			IA (0x20) Range: Start:13471	Size:2673	20 00 0A 6F 34 9F 	1 13471
			VA Set: 19 (19)
			4 Selection: 63
			93 Sect: 33 33 33 
			MP: 11	100 99 98 97 95 94 93 92 90 89 88 	02 0B 00 64 00 63 00 62 00 61 00 5F 00 5E 00 5D 00 5C 00 5A 00 59 00 58 
			IA (0x20) Range: Start:16144	Size:37	20 00 00 23 3F 10 	1 16144
			VA Set: 20 (20)
			4 Selection: 76
			93 Sect: 7F 7F 7F 
			8 Selection: 0
			5 Selection: 255
			MP: 2	33 32 	02 02 00 21 00 20 
			IA (0x20) Range: Start:16181	Size:271	20 00 01 0D 3F 35 	1 16181
			VA Set: 21 (21)
			4 Selection: 63
			93 Sect: 33 33 33 
			8 Selection: 4
			0x60 Selection: 1
			5 Selection: 2
			MP: 23	87 86 85 84 83 82 81 80 79 77 76 74 73 72 56 54 52 50 40 39 31 30 29 	02 17 00 57 00 56 00 55 00 54 00 53 00 52 00 51 00 50 00 4F 00 4D 00 4C 00 4A 00 49 00 48 00 38 00 36 00 34 00 32 00 28 00 27 00 1F 00 1E 00 1D 
			IA (0x20) Range: Start:16452	Size:889	20 00 03 77 40 44 	1 16452
			VA Set: 22 (22)
			4 Selection: 63
			93 Sect: 33 33 33 
			MP: 9	40 39 31 30 29 28 24 23 22 	02 09 00 28 00 27 00 1F 00 1E 00 1D 00 1C 00 18 00 17 00 16 
			IA (0x20) Range: Start:17341	Size:494	20 00 01 EC 43 BD 	1 17341
			VA Set: 23 (23)
			4 Selection: 63
			93 Sect: 33 33 33 
			0x60 Selection: 0
			5 Selection: 3
			MP: 15	69 68 66 63 62 61 60 59 58 57 25 24 22 21 20 	02 0F 00 45 00 44 00 42 00 3F 00 3E 00 3D 00 3C 00 3B 00 3A 00 39 00 19 00 18 00 16 00 15 00 14 
			IA (0x20) Range: Start:17835	Size:422	20 00 01 A4 45 AB 	1 17835
			VA Set: 24 (24)
			4 Selection: 63
			93 Sect: 33 33 33 
			MP: 17	34 31 30 29 17 16 15 14 13 12 11 10 9 8 7 6 5 	02 11 00 22 00 1F 00 1E 00 1D 00 11 00 10 00 0F 00 0E 00 0D 00 0C 00 0B 00 0A 00 09 00 08 00 07 00 06 00 05 
			IA (0x20) Range: Start:18257	Size:440	20 00 01 B6 47 51 	1 18257
			VA Set: 25 (25)
			4 Selection: 63
			93 Sect: 33 33 33 
			MP: 22	57 39 34 31 30 25 24 23 22 21 20 19 17 16 15 14 13 12 11 10 9 5 	02 16 00 39 00 27 00 22 00 1F 00 1E 00 19 00 18 00 17 00 16 00 15 00 14 00 13 00 11 00 10 00 0F 00 0E 00 0D 00 0C 00 0B 00 0A 00 09 00 05 
			IA (0x20) Range: Start:18697	Size:499	20 00 01 F1 49 09 	1 18697
			VA Set: 26 (26)
			4 Selection: 63
			93 Sect: 33 33 33 
			MP: 24	69 68 67 66 65 64 63 62 59 58 57 39 25 24 22 21 20 19 17 16 15 14 13 12 	02 18 00 45 00 44 00 43 00 42 00 41 00 40 00 3F 00 3E 00 3B 00 3A 00 39 00 27 00 19 00 18 00 16 00 15 00 14 00 13 00 11 00 10 00 0F 00 0E 00 0D 00 0C 
			IA (0x20) Range: Start:19196	Size:249	20 00 00 F7 4A FC 	1 19196
			VA Set: 27 (27)
			4 Selection: 63
			93 Sect: 33 33 33 
			MP: 23	69 68 67 66 65 64 63 62 61 57 39 26 25 24 23 22 21 20 10 9 8 7 5 	02 17 00 45 00 44 00 43 00 42 00 41 00 40 00 3F 00 3E 00 3D 00 39 00 27 00 1A 00 19 00 18 00 17 00 16 00 15 00 14 00 0A 00 09 00 08 00 07 00 05 
			IA (0x20) Range: Start:19445	Size:268	20 00 01 0A 4B F5 	1 19445
			VA Set: 28 (28)
			4 Selection: 63
			93 Sect: 33 33 33 
			MP: 15	100 99 97 94 93 92 91 90 89 88 27 26 22 21 20 	02 0F 00 64 00 63 00 61 00 5E 00 5D 00 5C 00 5B 00 5A 00 59 00 58 00 1B 00 1A 00 16 00 15 00 14 
			IA (0x20) Range: Start:19713	Size:424	20 00 01 A6 4D 01 	1 19713
			VA Set: 29 (29)
			4 Selection: 63
			93 Sect: 33 33 33 
			MP: 20	34 31 30 29 20 19 18 17 16 15 14 13 12 11 10 9 8 7 6 5 	02 14 00 22 00 1F 00 1E 00 1D 00 14 00 13 00 12 00 11 00 10 00 0F 00 0E 00 0D 00 0C 00 0B 00 0A 00 09 00 08 00 07 00 06 00 05 
			IA (0x20) Range: Start:20137	Size:462	20 00 01 CC 4E A9 	1 20137
			VA Set: 30 (30)
			4 Selection: 63
			93 Sect: 33 33 33 
			MP: 22	88 70 34 31 30 27 26 23 22 21 20 19 17 16 15 14 13 12 11 10 9 5 	02 16 00 58 00 46 00 22 00 1F 00 1E 00 1B 00 1A 00 17 00 16 00 15 00 14 00 13 00 11 00 10 00 0F 00 0E 00 0D 00 0C 00 0B 00 0A 00 09 00 05 
			IA (0x20) Range: Start:20599	Size:500	20 00 01 F2 50 77 	1 20599
			VA Set: 31 (31)
			4 Selection: 63
			93 Sect: 33 33 33 
			MP: 24	100 99 98 97 96 95 94 93 90 89 88 70 27 26 22 21 20 19 17 16 15 14 13 12 	02 18 00 64 00 63 00 62 00 61 00 60 00 5F 00 5E 00 5D 00 5A 00 59 00 58 00 46 00 1B 00 1A 00 16 00 15 00 14 00 13 00 11 00 10 00 0F 00 0E 00 0D 00 0C 
			IA (0x20) Range: Start:21099	Size:256	20 00 00 FE 52 6B 	1 21099
			VA Set: 32 (32)
			4 Selection: 63
			93 Sect: 33 33 33 
			MP: 23	100 99 98 97 96 95 94 93 92 88 70 27 26 24 23 22 21 20 10 9 8 7 5 	02 17 00 64 00 63 00 62 00 61 00 60 00 5F 00 5E 00 5D 00 5C 00 58 00 46 00 1B 00 1A 00 18 00 17 00 16 00 15 00 14 00 0A 00 09 00 08 00 07 00 05 
			IA (0x20) Range: Start:21355	Size:255	20 00 00 FD 53 6B 	1 21355
			VA Set: 33 (33)
			4 Selection: 63
			93 Sect: 33 33 33 
			0x60 Selection: 1
			5 Selection: 2
			MP: 16	87 86 85 84 83 82 81 80 79 78 77 76 75 74 72 71 	02 10 00 57 00 56 00 55 00 54 00 53 00 52 00 51 00 50 00 4F 00 4E 00 4D 00 4C 00 4B 00 4A 00 48 00 47 
			IA (0x20) Range: Start:21610	Size:1578	20 00 06 28 54 6A 	1 21610
			VA Set: 34 (34)
			4 Selection: 63
			93 Sect: 33 33 33 
			MP: 16	87 86 85 84 83 82 81 80 79 77 76 75 74 73 72 71 	02 10 00 57 00 56 00 55 00 54 00 53 00 52 00 51 00 50 00 4F 00 4D 00 4C 00 4B 00 4A 00 49 00 48 00 47 
			IA (0x20) Range: Start:23188	Size:930	20 00 03 A0 5A 94 	1 23188
			VA Set: 35 (35)
			4 Selection: 63
			93 Sect: 33 33 33 
			MP: 17	87 86 85 84 83 82 81 80 79 78 77 76 75 74 73 72 71 	02 11 00 57 00 56 00 55 00 54 00 53 00 52 00 51 00 50 00 4F 00 4E 00 4D 00 4C 00 4B 00 4A 00 49 00 48 00 47 
			IA (0x20) Range: Start:24118	Size:955	20 00 03 B9 5E 36 	1 24118
			VA Set: 36 (36)
			4 Selection: 63
			93 Sect: 33 33 33 
			MP: 24	87 86 85 84 83 82 81 80 79 78 77 76 75 74 73 72 40 39 30 29 28 24 23 22 	02 18 00 57 00 56 00 55 00 54 00 53 00 52 00 51 00 50 00 4F 00 4E 00 4D 00 4C 00 4B 00 4A 00 49 00 48 00 28 00 27 00 1E 00 1D 00 1C 00 18 00 17 00 16 
			IA (0x20) Range: Start:25073	Size:613	20 00 02 63 61 F1 	1 25073
			VA Set: 37 (37)
			4 Selection: 63
			93 Sect: 33 33 33 
			0x60 Selection: 0
			5 Selection: 3
			MP: 21	31 30 24 22 21 20 19 18 17 16 15 14 13 12 11 10 9 8 7 6 5 	02 15 00 1F 00 1E 00 18 00 16 00 15 00 14 00 13 00 12 00 11 00 10 00 0F 00 0E 00 0D 00 0C 00 0B 00 0A 00 09 00 08 00 07 00 06 00 05 
			IA (0x20) Range: Start:25686	Size:445	20 00 01 BB 64 56 	1 25686
			VA Set: 38 (38)
			4 Selection: 63
			93 Sect: 33 33 33 
			MP: 21	63 62 60 59 58 57 25 24 23 22 21 20 19 18 17 16 15 14 13 12 11 	02 15 00 3F 00 3E 00 3C 00 3B 00 3A 00 39 00 19 00 18 00 17 00 16 00 15 00 14 00 13 00 12 00 11 00 10 00 0F 00 0E 00 0D 00 0C 00 0B 
			IA (0x20) Range: Start:26131	Size:228	20 00 00 E2 66 13 	1 26131
			VA Set: 39 (39)
			4 Selection: 63
			93 Sect: 33 33 33 
			MP: 18	69 68 67 66 65 64 63 62 61 59 58 57 24 22 20 19 18 17 	02 12 00 45 00 44 00 43 00 42 00 41 00 40 00 3F 00 3E 00 3D 00 3B 00 3A 00 39 00 18 00 16 00 14 00 13 00 12 00 11 
			IA (0x20) Range: Start:26359	Size:417	20 00 01 9F 66 F7 	1 26359
			VA Set: 40 (40)
			4 Selection: 63
			93 Sect: 33 33 33 
			MP: 23	68 66 63 62 61 59 58 57 39 26 24 23 22 21 15 14 13 12 10 9 8 7 5 	02 17 00 44 00 42 00 3F 00 3E 00 3D 00 3B 00 3A 00 39 00 27 00 1A 00 18 00 17 00 16 00 15 00 0F 00 0E 00 0D 00 0C 00 0A 00 09 00 08 00 07 00 05 
			IA (0x20) Range: Start:26776	Size:153	20 00 00 97 68 98 	1 26776
			VA Set: 41 (41)
			4 Selection: 63
			93 Sect: 33 33 33 
			MP: 21	31 30 26 22 21 20 19 18 17 16 15 14 13 12 11 10 9 8 7 6 5 	02 15 00 1F 00 1E 00 1A 00 16 00 15 00 14 00 13 00 12 00 11 00 10 00 0F 00 0E 00 0D 00 0C 00 0B 00 0A 00 09 00 08 00 07 00 06 00 05 
			IA (0x20) Range: Start:26929	Size:430	20 00 01 AC 69 31 	1 26929
			VA Set: 42 (42)
			4 Selection: 63
			93 Sect: 33 33 33 
			MP: 21	94 93 91 90 89 88 27 26 23 22 21 20 19 18 17 16 15 14 13 12 11 	02 15 00 5E 00 5D 00 5B 00 5A 00 59 00 58 00 1B 00 1A 00 17 00 16 00 15 00 14 00 13 00 12 00 11 00 10 00 0F 00 0E 00 0D 00 0C 00 0B 
			IA (0x20) Range: Start:27359	Size:230	20 00 00 E4 6A DF 	1 27359
			VA Set: 43 (43)
			4 Selection: 63
			93 Sect: 33 33 33 
			MP: 14	100 99 98 97 96 95 94 93 92 90 89 88 26 22 	02 0E 00 64 00 63 00 62 00 61 00 60 00 5F 00 5E 00 5D 00 5C 00 5A 00 59 00 58 00 1A 00 16 
			IA (0x20) Range: Start:27589	Size:427	20 00 01 A9 6B C5 	1 27589
			VA Set: 44 (44)
			4 Selection: 63
			93 Sect: 33 33 33 
			MP: 23	99 97 94 93 92 90 89 88 70 26 23 22 21 16 15 14 13 12 10 9 8 7 5 	02 17 00 63 00 61 00 5E 00 5D 00 5C 00 5A 00 59 00 58 00 46 00 1A 00 17 00 16 00 15 00 10 00 0F 00 0E 00 0D 00 0C 00 0A 00 09 00 08 00 07 00 05 
			IA (0x20) Range: Start:28016	Size:139	20 00 00 89 6D 70 	1 28016
			VA Set: 45 (45)
			4 Selection: 63
			93 Sect: 33 33 33 
			MP: 17	63 60 59 58 57 34 31 30 25 24 22 21 20 19 7 6 5 	02 11 00 3F 00 3C 00 3B 00 3A 00 39 00 22 00 1F 00 1E 00 19 00 18 00 16 00 15 00 14 00 13 00 07 00 06 00 05 
			IA (0x20) Range: Start:28155	Size:278	20 00 01 14 6D FB 	1 28155
			VA Set: 46 (46)
			4 Selection: 63
			93 Sect: 33 33 33 
			MP: 18	23 22 21 20 19 18 17 16 15 14 13 12 11 10 9 8 7 5 	02 12 00 17 00 16 00 15 00 14 00 13 00 12 00 11 00 10 00 0F 00 0E 00 0D 00 0C 00 0B 00 0A 00 09 00 08 00 07 00 05 
			IA (0x20) Range: Start:28433	Size:182	20 00 00 B4 6F 11 	1 28433
			VA Set: 47 (47)
			4 Selection: 63
			93 Sect: 33 33 33 
			MP: 9	39 38 37 36 35 24 23 22 21 	02 09 00 27 00 26 00 25 00 24 00 23 00 18 00 17 00 16 00 15 
			IA (0x20) Range: Start:28615	Size:123	20 00 00 79 6F C7 	1 28615
			VA Set: 48 (48)
			4 Selection: 63
			93 Sect: 33 33 33 
			MP: 17	94 91 90 89 88 34 31 30 27 26 22 21 20 19 7 6 5 	02 11 00 5E 00 5B 00 5A 00 59 00 58 00 22 00 1F 00 1E 00 1B 00 1A 00 16 00 15 00 14 00 13 00 07 00 06 00 05 
			IA (0x20) Range: Start:28738	Size:272	20 00 01 0E 70 42 	1 28738
			VA Set: 49 (49)
			4 Selection: 63
			93 Sect: 33 33 33 
			MP: 18	23 22 21 20 19 18 17 16 15 14 13 12 11 10 9 8 7 5 	02 12 00 17 00 16 00 15 00 14 00 13 00 12 00 11 00 10 00 0F 00 0E 00 0D 00 0C 00 0B 00 0A 00 09 00 08 00 07 00 05 
			IA (0x20) Range: Start:29010	Size:193	20 00 00 BF 71 52 	1 29010
			VA Set: 50 (50)
			4 Selection: 63
			93 Sect: 33 33 33 
			MP: 11	70 38 37 36 35 27 26 24 23 22 21 	02 0B 00 46 00 26 00 25 00 24 00 23 00 1B 00 1A 00 18 00 17 00 16 00 15 
			IA (0x20) Range: Start:29203	Size:115	20 00 00 71 72 13 	1 29203
			VA Set: 51 (51)
			4 Selection: 63
			93 Sect: 33 33 33 
			MP: 23	67 66 65 64 63 62 61 59 58 57 39 38 37 36 35 31 30 25 24 23 22 21 20 	02 17 00 43 00 42 00 41 00 40 00 3F 00 3E 00 3D 00 3B 00 3A 00 39 00 27 00 26 00 25 00 24 00 23 00 1F 00 1E 00 19 00 18 00 17 00 16 00 15 00 14 
			IA (0x20) Range: Start:29318	Size:255	20 00 00 FD 72 86 	1 29318
			VA Set: 52 (52)
			4 Selection: 63
			93 Sect: 33 33 33 
			MP: 23	98 97 96 95 94 93 92 90 89 88 70 38 37 36 35 31 30 27 26 23 22 21 20 	02 17 00 62 00 61 00 60 00 5F 00 5E 00 5D 00 5C 00 5A 00 59 00 58 00 46 00 26 00 25 00 24 00 23 00 1F 00 1E 00 1B 00 1A 00 17 00 16 00 15 00 14 
			IA (0x20) Range: Start:29573	Size:255	20 00 00 FD 73 85 	1 29573
			END
		LB 106:	0	16	0	16720	0	@18464
			00 00 74 84 FF FF 16 F4 00 00 00 35 00 00 01 0E 
		LB 107:	4	16	0	16704	8	@18464
			00 00 74 84 FF FF 16 F4 00 00 00 35 00 00 01 0E 
		LB 108:	0	16	0	16696	0	@18472
			00 00 00 35 00 00 01 0E 00 06 A0 20 FF FF DE 34 
		LB 109:	0	16	0	16680	0	@18472
			00 00 00 35 00 00 01 0E 00 06 A0 20 FF FF DE 34 
		LB 110:	0	16	0	16664	0	@18472
			00 00 00 35 00 00 01 0E 00 06 A0 20 FF FF DE 34 
		LB 111:	0	16	0	16648	0	@18472
			00 00 00 35 00 00 01 0E 00 06 A0 20 FF FF DE 34 
		LB 112:	0	16	0	16632	0	@18472
			00 00 00 35 00 00 01 0E 00 06 A0 20 FF FF DE 34 
		LB 113:	0	16	0	16616	0	@18472
			00 00 00 35 00 00 01 0E 00 06 A0 20 FF FF DE 34 
		LB 114:	0	16	0	16600	0	@18472
			00 00 00 35 00 00 01 0E 00 06 A0 20 FF FF DE 34 
		LB 115:	0	16	0	16584	0	@18472
			00 00 00 35 00 00 01 0E 00 06 A0 20 FF FF DE 34 
		LB 116:	0	16	0	16568	0	@18472
			00 00 00 35 00 00 01 0E 00 06 A0 20 FF FF DE 34 
		LB 117:	0	16	0	16552	0	@18472
			00 00 00 35 00 00 01 0E 00 06 A0 20 FF FF DE 34 
		LB 118:	0	16	0	16536	0	@18472
			00 00 00 35 00 00 01 0E 00 06 A0 20 FF FF DE 34 
		LB 119:	0	16	0	16520	0	@18472
			00 00 00 35 00 00 01 0E 00 06 A0 20 FF FF DE 34 
		LB 120:	0	16	0	16504	0	@18472
			00 00 00 35 00 00 01 0E 00 06 A0 20 FF FF DE 34 
		LB 121:	0	16	0	16488	0	@18472
			00 00 00 35 00 00 01 0E 00 06 A0 20 FF FF DE 34 
		LB 122:	0	16	0	16472	0	@18472
			00 00 00 35 00 00 01 0E 00 06 A0 20 FF FF DE 34 
		LB 123:	0	16	0	16456	0	@18472
			00 00 00 35 00 00 01 0E 00 06 A0 20 FF FF DE 34 
		LB 124:	0	16	0	16440	0	@18472
			00 00 00 35 00 00 01 0E 00 06 A0 20 FF FF DE 34 
		LB 125:	0	16	0	16424	0	@18472
			00 00 00 35 00 00 01 0E 00 06 A0 20 FF FF DE 34 
		LB 126:	0	16	0	16408	0	@18472
			00 00 00 35 00 00 01 0E 00 06 A0 20 FF FF DE 34 
		LB 127:	0	16	0	16392	0	@18472
			00 00 00 35 00 00 01 0E 00 06 A0 20 FF FF DE 34 
		LB 128:	0	16	0	16376	0	@18472
			00 00 00 35 00 00 01 0E 00 06 A0 20 FF FF DE 34 
		LB 129:	0	16	0	16360	0	@18472
			00 00 00 35 00 00 01 0E 00 06 A0 20 FF FF DE 34 
		LB 130:	0	16	0	16344	0	@18472
			00 00 00 35 00 00 01 0E 00 06 A0 20 FF FF DE 34 
		LB 131:	0	16	0	16328	0	@18472
			00 00 00 35 00 00 01 0E 00 06 A0 20 FF FF DE 34 
		LB 132:	0	16	0	16312	0	@18472
			00 00 00 35 00 00 01 0E 00 06 A0 20 FF FF DE 34 
		LB 133:	0	16	0	16296	0	@18472
			00 00 00 35 00 00 01 0E 00 06 A0 20 FF FF DE 34 
		LB 134:	0	16	0	16280	0	@18472
			00 00 00 35 00 00 01 0E 00 06 A0 20 FF FF DE 34 
		LB 135:	0	16	0	16264	0	@18472
			00 00 00 35 00 00 01 0E 00 06 A0 20 FF FF DE 34 
		LB 136:	0	16	0	16248	0	@18472
			00 00 00 35 00 00 01 0E 00 06 A0 20 FF FF DE 34 
		LB 137:	0	16	0	16232	0	@18472
			00 00 00 35 00 00 01 0E 00 06 A0 20 FF FF DE 34 
		LB 138:	0	16	0	16216	0	@18472
			00 00 00 35 00 00 01 0E 00 06 A0 20 FF FF DE 34 
		LB 139:	0	16	0	16200	0	@18472
			00 00 00 35 00 00 01 0E 00 06 A0 20 FF FF DE 34 
		LB 140:	0	16	0	16184	0	@18472
			00 00 00 35 00 00 01 0E 00 06 A0 20 FF FF DE 34 
		LB 141:	0	16	0	16168	0	@18472
			00 00 00 35 00 00 01 0E 00 06 A0 20 FF FF DE 34 
		LB 142:	0	16	0	16152	0	@18472
			00 00 00 35 00 00 01 0E 00 06 A0 20 FF FF DE 34 
		LB 143:	0	16	0	16136	0	@18472
			00 00 00 35 00 00 01 0E 00 06 A0 20 FF FF DE 34 
		LB 144:	0	16	0	16120	0	@18472
			00 00 00 35 00 00 01 0E 00 06 A0 20 FF FF DE 34 
		LB 145:	0	16	0	16104	0	@18472
			00 00 00 35 00 00 01 0E 00 06 A0 20 FF FF DE 34 
		LB 146:	0	16	0	16088	0	@18472
			00 00 00 35 00 00 01 0E 00 06 A0 20 FF FF DE 34 
		LB 147:	0	16	0	16072	0	@18472
			00 00 00 35 00 00 01 0E 00 06 A0 20 FF FF DE 34 
		LB 148:	0	16	0	16056	0	@18472
			00 00 00 35 00 00 01 0E 00 06 A0 20 FF FF DE 34 
		LB 149:	0	16	0	16040	0	@18472
			00 00 00 35 00 00 01 0E 00 06 A0 20 FF FF DE 34 
		LB 150:	0	16	0	16024	0	@18472
			00 00 00 35 00 00 01 0E 00 06 A0 20 FF FF DE 34 
		LB 151:	0	16	0	16008	0	@18472
			00 00 00 35 00 00 01 0E 00 06 A0 20 FF FF DE 34 
		LB 152:	0	16	0	15992	0	@18472
			00 00 00 35 00 00 01 0E 00 06 A0 20 FF FF DE 34 
		LB 153:	0	16	0	15976	0	@18472
			00 00 00 35 00 00 01 0E 00 06 A0 20 FF FF DE 34 
		LB 154:	0	16	0	15960	0	@18472
			00 00 00 35 00 00 01 0E 00 06 A0 20 FF FF DE 34 
		LB 155:	0	16	0	15944	0	@18472
			00 00 00 35 00 00 01 0E 00 06 A0 20 FF FF DE 34 
		LB 156:	0	16	0	15928	0	@18472
			00 00 00 35 00 00 01 0E 00 06 A0 20 FF FF DE 34 
		LB 157:	0	16	0	15912	0	@18472
			00 00 00 35 00 00 01 0E 00 06 A0 20 FF FF DE 34 
		LB 158:	0	16	0	15896	0	@18472
			00 00 00 35 00 00 01 0E 00 06 A0 20 FF FF DE 34 
		LB 159:	0	16	0	15880	0	@18472
			00 00 00 35 00 00 01 0E 00 06 A0 20 FF FF DE 34 
		LB 160:	0	16	0	15864	0	@18472
			00 00 00 35 00 00 01 0E 00 06 A0 20 FF FF DE 34 
		5 VA Setup: 	53	00 00 00 35 
			0	00 00 01 0E 00 06 A0 20 FF FF DE 34 	-8652
			1	00 00 06 39 10 22 A0 28 FF FF 07 00 	-63744
			2	00 00 03 B3 10 E2 A0 40 FF FF 13 1C 	-60644
			3	00 00 00 5F 13 E2 A0 58 FF FF DF 28 	-8408
			4	00 00 00 11 1F E2 A0 70 FF FF F8 54 	-1964
			5	00 00 01 5A 10 E2 A0 40 FF FF A9 38 	-22216
			6	00 00 00 B8 13 E2 A0 58 FF FF C0 6C 	-16276
			7	00 00 05 1F 10 22 A0 28 FF FF 32 C8 	-52536
			8	00 00 00 19 1F E2 A0 70 FF FF F4 A4 	-2908
			9	00 00 01 0D 00 C2 A0 34 FF FF C8 E4 	-14108
			10	00 00 00 5E 03 C2 A0 4C FF FF E3 94 	-7276
			11	00 00 00 E0 00 02 A0 1C FF FF E6 F0 	-6416
			12	00 00 01 7B 10 E2 A0 40 FF FF A0 A4 	-24412
			13	00 00 00 61 13 E2 A0 58 FF FF DE 00 	-8704
			14	00 00 02 9F 10 22 A0 28 FF FF 96 74 	-27020
			15	00 00 00 11 1F E2 A0 70 FF FF F7 D0 	-2096
			16	00 00 01 5D 10 E2 A0 40 FF FF A7 F4 	-22540
			17	00 00 00 B1 13 E2 A0 58 FF FF C2 50 	-15792
			18	00 00 05 1F 10 22 A0 28 FF FF 32 44 	-52668
			19	00 00 00 19 1F E2 A0 70 FF FF F4 20 	-3040
			20	00 00 00 7A 00 02 A0 1C FF FF F1 AC 	-3668
			21	00 00 02 1F 10 22 A0 28 FF FF AA 20 	-21984
			22	00 00 01 18 10 E2 A0 40 FF FF B8 EC 	-18196
			23	00 00 00 F7 10 E2 A0 40 FF FF C1 20 	-16096
			24	00 00 01 08 10 E2 A0 40 FF FF BC D4 	-17196
			25	00 00 01 41 10 E2 A0 40 FF FF AE 88 	-20856
			26	00 00 00 97 13 E2 A0 58 FF FF CA D4 	-13612
			27	00 00 00 AB 13 E2 A0 58 FF FF C3 E8 	-15384
			28	00 00 00 F5 10 E2 A0 40 FF FF C1 64 	-16028
			29	00 00 01 0D 10 E2 A0 40 FF FF BB 58 	-17576
			30	00 00 01 44 10 E2 A0 40 FF FF AD 8C 	-21108
			31	00 00 00 97 13 E2 A0 58 FF FF CA 98 	-13672
			32	00 00 00 A7 13 E2 A0 58 FF FF C5 0C 	-15092
			33	00 00 03 86 10 22 A0 28 FF FF 71 78 	-36488
			34	00 00 02 38 10 22 A0 28 FF FF A5 9C 	-23140
			35	00 00 02 47 10 E2 A0 40 FF FF 6C 90 	-37744
			36	00 00 01 AF 10 E2 A0 40 FF FF 92 84 	-28028
			37	00 00 00 F8 10 E2 A0 40 FF FF C0 38 	-16328
			38	00 00 00 9B 10 E2 A0 40 FF FF D7 6C 	-10388
			39	00 00 00 F2 10 E2 A0 40 FF FF C1 A0 	-15968
			40	00 00 00 67 13 E2 A0 58 FF FF DA AC 	-9556
			41	00 00 00 F8 10 E2 A0 40 FF FF C0 08 	-16376
			42	00 00 00 9D 10 E2 A0 40 FF FF D6 BC 	-10564
			43	00 00 00 ED 10 E2 A0 40 FF FF C2 B0 	-15696
			44	00 00 00 5F 13 E2 A0 58 FF FF DD 3C 	-8900
			45	00 00 00 B5 10 E2 A0 40 FF FF D0 98 	-12136
			46	00 00 00 80 10 E2 A0 40 FF FF DD CC 	-8756
			47	00 00 00 45 13 E2 A0 58 FF FF E6 08 	-6648
			48	00 00 00 B7 10 E2 A0 40 FF FF CF F4 	-12300
			49	00 00 00 87 10 E2 A0 40 FF FF DB E8 	-9240
			50	00 00 00 45 13 E2 A0 58 FF FF E5 E4 	-6684
			51	00 00 00 A7 10 E2 A0 40 FF FF D3 D0 	-11312
			52	00 00 00 A3 10 E2 A0 40 FF FF D4 C4 	-11068
		LB 162:	6	36	0	16472	36	@19112
			FF FF F2 D4 00 00 00 01 FF FF FD 70 00 00 00 35 FF FF FD 70 41 E4 D3 B3 3F B9 84 18 35 9D 08 E6 42 5A C3 55 
		BONE:	hips 103 4
		BONE:	referenceShape 104 0
		LB 165:	9	24	0	16668	24	@19356
			00 30 06 00 00 01 02 02 00 00 00 00 00 00 00 69 FF FF FF 88 00 00 38 0C 
	ARMATURE:
			4	hips	4 6 -1
			4	6	waist	6 102 5
			4	6	102	rightleg	102 104 101
			4	6	102	104	rightfoot	104 -1 -1
			4	6	101	leftleg	101 103 -1
			4	6	101	103	leftfoot	103 -1 -1
			4	5	connection	5 7 -1
			4	5	7	connection1	7 8 -1
			4	5	7	8	connection2	8 9 -1
			4	5	7	8	9	connection3	9 10 -1
			4	5	7	8	9	10	connection4	10 11 -1
			4	5	7	8	9	10	11	connection5	11 12 -1
			4	5	7	8	9	10	11	12	connection6	12 13 -1
			4	5	7	8	9	10	11	12	13	connection7	13 14 -1
			4	5	7	8	9	10	11	12	13	14	connection8	14 15 -1
			4	5	7	8	9	10	11	12	13	14	15	connection9	15 16 -1
			4	5	7	8	9	10	11	12	13	14	15	16	connection10	16 17 -1
			4	5	7	8	9	10	11	12	13	14	15	16	17	connection11	17 18 -1
			4	5	7	8	9	10	11	12	13	14	15	16	17	18	connection12	18 19 -1
			4	5	7	8	9	10	11	12	13	14	15	16	17	18	19	connection13	19 20 -1
			4	5	7	8	9	10	11	12	13	14	15	16	17	18	19	20	spine	20 21 -1
			4	5	7	8	9	10	11	12	13	14	15	16	17	18	19	20	21	spine1	21 22 -1
			4	5	7	8	9	10	11	12	13	14	15	16	17	18	19	20	21	22	spine2	22 27 -1
			4	5	7	8	9	10	11	12	13	14	15	16	17	18	19	20	21	22	27	rightwing	27 88 26
			4	5	7	8	9	10	11	12	13	14	15	16	17	18	19	20	21	22	27	88	rightwing1	88 89 -1
			4	5	7	8	9	10	11	12	13	14	15	16	17	18	19	20	21	22	27	88	89	rightwing2	89 90 -1
			4	5	7	8	9	10	11	12	13	14	15	16	17	18	19	20	21	22	27	88	89	90	rightwing3	90 91 -1
			4	5	7	8	9	10	11	12	13	14	15	16	17	18	19	20	21	22	27	88	89	90	91	rightwing4	91 94 -1
			4	5	7	8	9	10	11	12	13	14	15	16	17	18	19	20	21	22	27	88	89	90	91	94	r_wing_skl11	94 99 93
			4	5	7	8	9	10	11	12	13	14	15	16	17	18	19	20	21	22	27	88	89	90	91	94	99	r_wing_skl12	99 100 -1
			4	5	7	8	9	10	11	12	13	14	15	16	17	18	19	20	21	22	27	88	89	90	91	94	99	100	r_wing_skl13	100 -1 -1
			4	5	7	8	9	10	11	12	13	14	15	16	17	18	19	20	21	22	27	88	89	90	91	93	r_wing_skl21	93 97 92
			4	5	7	8	9	10	11	12	13	14	15	16	17	18	19	20	21	22	27	88	89	90	91	93	97	r_wing_skl22	97 98 -1
			4	5	7	8	9	10	11	12	13	14	15	16	17	18	19	20	21	22	27	88	89	90	91	93	97	98	r_wing_skl23	98 -1 -1
			4	5	7	8	9	10	11	12	13	14	15	16	17	18	19	20	21	22	27	88	89	90	91	92	r_wing_skl31	92 95 -1
			4	5	7	8	9	10	11	12	13	14	15	16	17	18	19	20	21	22	27	88	89	90	91	92	95	r_wing_skl32	95 96 -1
			4	5	7	8	9	10	11	12	13	14	15	16	17	18	19	20	21	22	27	88	89	90	91	92	95	96	r_wing_skl33	96 -1 -1
			4	5	7	8	9	10	11	12	13	14	15	16	17	18	19	20	21	22	26	rightshoulder	26 70 25
			4	5	7	8	9	10	11	12	13	14	15	16	17	18	19	20	21	22	26	70	rightarm	70 71 -1
			4	5	7	8	9	10	11	12	13	14	15	16	17	18	19	20	21	22	26	70	71	rightforearm	71 72 -1
			4	5	7	8	9	10	11	12	13	14	15	16	17	18	19	20	21	22	26	70	71	72	righthand	72 77 -1
			4	5	7	8	9	10	11	12	13	14	15	16	17	18	19	20	21	22	26	70	71	72	77	rightpinky1	77 86 76
			4	5	7	8	9	10	11	12	13	14	15	16	17	18	19	20	21	22	26	70	71	72	77	86	rightpinky2	86 87 -1
			4	5	7	8	9	10	11	12	13	14	15	16	17	18	19	20	21	22	26	70	71	72	77	86	87	rightpinky3	87 -1 -1
			4	5	7	8	9	10	11	12	13	14	15	16	17	18	19	20	21	22	26	70	71	72	76	rightring1	76 84 75
			4	5	7	8	9	10	11	12	13	14	15	16	17	18	19	20	21	22	26	70	71	72	76	84	rightring2	84 85 -1
			4	5	7	8	9	10	11	12	13	14	15	16	17	18	19	20	21	22	26	70	71	72	76	84	85	rightring3	85 -1 -1
			4	5	7	8	9	10	11	12	13	14	15	16	17	18	19	20	21	22	26	70	71	72	75	rightmiddle1	75 82 74
			4	5	7	8	9	10	11	12	13	14	15	16	17	18	19	20	21	22	26	70	71	72	75	82	rightmiddle2	82 83 -1
			4	5	7	8	9	10	11	12	13	14	15	16	17	18	19	20	21	22	26	70	71	72	75	82	83	rightmiddle3	83 -1 -1
			4	5	7	8	9	10	11	12	13	14	15	16	17	18	19	20	21	22	26	70	71	72	74	rightindex1	74 80 73
			4	5	7	8	9	10	11	12	13	14	15	16	17	18	19	20	21	22	26	70	71	72	74	80	rightindex2	80 81 -1
			4	5	7	8	9	10	11	12	13	14	15	16	17	18	19	20	21	22	26	70	71	72	74	80	81	rightindex3	81 -1 -1
			4	5	7	8	9	10	11	12	13	14	15	16	17	18	19	20	21	22	26	70	71	72	73	rightthumb1	73 78 -1
			4	5	7	8	9	10	11	12	13	14	15	16	17	18	19	20	21	22	26	70	71	72	73	78	rightthumb2	78 79 -1
			4	5	7	8	9	10	11	12	13	14	15	16	17	18	19	20	21	22	26	70	71	72	73	78	79	rightthumb3	79 -1 -1
			4	5	7	8	9	10	11	12	13	14	15	16	17	18	19	20	21	22	25	leftwing	25 57 24
			4	5	7	8	9	10	11	12	13	14	15	16	17	18	19	20	21	22	25	57	leftwing1	57 58 -1
			4	5	7	8	9	10	11	12	13	14	15	16	17	18	19	20	21	22	25	57	58	leftwing2	58 59 -1
			4	5	7	8	9	10	11	12	13	14	15	16	17	18	19	20	21	22	25	57	58	59	leftwing3	59 60 -1
			4	5	7	8	9	10	11	12	13	14	15	16	17	18	19	20	21	22	25	57	58	59	60	leftwing4	60 63 -1
			4	5	7	8	9	10	11	12	13	14	15	16	17	18	19	20	21	22	25	57	58	59	60	63	l_wing_skl11	63 68 62
			4	5	7	8	9	10	11	12	13	14	15	16	17	18	19	20	21	22	25	57	58	59	60	63	68	l_wing_skl12	68 69 -1
			4	5	7	8	9	10	11	12	13	14	15	16	17	18	19	20	21	22	25	57	58	59	60	63	68	69	l_wing_skl13	69 -1 -1
			4	5	7	8	9	10	11	12	13	14	15	16	17	18	19	20	21	22	25	57	58	59	60	62	l_wing_skl21	62 66 61
			4	5	7	8	9	10	11	12	13	14	15	16	17	18	19	20	21	22	25	57	58	59	60	62	66	l_wing_skl22	66 67 -1
			4	5	7	8	9	10	11	12	13	14	15	16	17	18	19	20	21	22	25	57	58	59	60	62	66	67	l_wing_skl23	67 -1 -1
			4	5	7	8	9	10	11	12	13	14	15	16	17	18	19	20	21	22	25	57	58	59	60	61	l_wing_skl31	61 64 -1
			4	5	7	8	9	10	11	12	13	14	15	16	17	18	19	20	21	22	25	57	58	59	60	61	64	l_wing_skl32	64 65 -1
			4	5	7	8	9	10	11	12	13	14	15	16	17	18	19	20	21	22	25	57	58	59	60	61	64	65	l_wing_skl33	65 -1 -1
			4	5	7	8	9	10	11	12	13	14	15	16	17	18	19	20	21	22	24	leftshoulder	24 39 23
			4	5	7	8	9	10	11	12	13	14	15	16	17	18	19	20	21	22	24	39	leftarm	39 40 -1
			4	5	7	8	9	10	11	12	13	14	15	16	17	18	19	20	21	22	24	39	40	leftforearm	40 41 -1
			4	5	7	8	9	10	11	12	13	14	15	16	17	18	19	20	21	22	24	39	40	41	lefthand	41 46 -1
			4	5	7	8	9	10	11	12	13	14	15	16	17	18	19	20	21	22	24	39	40	41	46	leftpinky1	46 55 45
			4	5	7	8	9	10	11	12	13	14	15	16	17	18	19	20	21	22	24	39	40	41	46	55	leftpinky2	55 56 -1
			4	5	7	8	9	10	11	12	13	14	15	16	17	18	19	20	21	22	24	39	40	41	46	55	56	leftpinky3	56 -1 -1
			4	5	7	8	9	10	11	12	13	14	15	16	17	18	19	20	21	22	24	39	40	41	45	leftring1	45 53 44
			4	5	7	8	9	10	11	12	13	14	15	16	17	18	19	20	21	22	24	39	40	41	45	53	leftring2	53 54 -1
			4	5	7	8	9	10	11	12	13	14	15	16	17	18	19	20	21	22	24	39	40	41	45	53	54	leftring3	54 -1 -1
			4	5	7	8	9	10	11	12	13	14	15	16	17	18	19	20	21	22	24	39	40	41	44	leftmiddle1	44 51 43
			4	5	7	8	9	10	11	12	13	14	15	16	17	18	19	20	21	22	24	39	40	41	44	51	leftmiddle2	51 52 -1
			4	5	7	8	9	10	11	12	13	14	15	16	17	18	19	20	21	22	24	39	40	41	44	51	52	leftmiddle3	52 -1 -1
			4	5	7	8	9	10	11	12	13	14	15	16	17	18	19	20	21	22	24	39	40	41	43	leftindex1	43 49 42
			4	5	7	8	9	10	11	12	13	14	15	16	17	18	19	20	21	22	24	39	40	41	43	49	leftindex2	49 50 -1
			4	5	7	8	9	10	11	12	13	14	15	16	17	18	19	20	21	22	24	39	40	41	43	49	50	leftindex3	50 -1 -1
			4	5	7	8	9	10	11	12	13	14	15	16	17	18	19	20	21	22	24	39	40	41	42	leftthumb1	42 47 -1
			4	5	7	8	9	10	11	12	13	14	15	16	17	18	19	20	21	22	24	39	40	41	42	47	leftthumb2	47 48 -1
			4	5	7	8	9	10	11	12	13	14	15	16	17	18	19	20	21	22	24	39	40	41	42	47	48	leftthumb3	48 -1 -1
			4	5	7	8	9	10	11	12	13	14	15	16	17	18	19	20	21	22	23	neck	23 28 -1
			4	5	7	8	9	10	11	12	13	14	15	16	17	18	19	20	21	22	23	28	neck1	28 29 -1
			4	5	7	8	9	10	11	12	13	14	15	16	17	18	19	20	21	22	23	28	29	neck2	29 30 -1
			4	5	7	8	9	10	11	12	13	14	15	16	17	18	19	20	21	22	23	28	29	30	head	30 34 -1
			4	5	7	8	9	10	11	12	13	14	15	16	17	18	19	20	21	22	23	28	29	30	34	nose	34 -1 33
			4	5	7	8	9	10	11	12	13	14	15	16	17	18	19	20	21	22	23	28	29	30	33	righteye	33 -1 32
			4	5	7	8	9	10	11	12	13	14	15	16	17	18	19	20	21	22	23	28	29	30	32	lefteye	32 -1 31
			4	5	7	8	9	10	11	12	13	14	15	16	17	18	19	20	21	22	23	28	29	30	31	tin	31 35 -1
			4	5	7	8	9	10	11	12	13	14	15	16	17	18	19	20	21	22	23	28	29	30	31	35	tongue	35 36 -1
			4	5	7	8	9	10	11	12	13	14	15	16	17	18	19	20	21	22	23	28	29	30	31	35	36	tongue1	36 37 -1
			4	5	7	8	9	10	11	12	13	14	15	16	17	18	19	20	21	22	23	28	29	30	31	35	36	37	tongue2	37 38 -1
			4	5	7	8	9	10	11	12	13	14	15	16	17	18	19	20	21	22	23	28	29	30	31	35	36	37	38	tongue3	38 -1 -1
	Terminated: 3
#DONE - ARMATURE
	BF[referenceShape]: Extern, ignore. 0,0,0		0	referenceShape	00000040
	BF[sw0Shape1]: Extern, ignore. 0,0,0		1	sw0Shape1	00000040
	BF[tungShape]: Extern, ignore. 0,0,0		2	tungShape	00000040
	BF[eyesShape]: Extern, ignore. 0,0,0		3	eyesShape	00000040
	BF[hips]: UNKNOWN: 0,0,0		4	hips	00110035
	BF[connection]: UNKNOWN: 0,0,0		5	connection	00100031
	BF[waist]: UNKNOWN: 0,0,0		6	waist	00100035
	BF[connection1]: UNKNOWN: 0,0,0		7	connection1	00100075
	BF[rightleg]: 11, X90 Y90 0,0,0		102	rightleg	00100011
	BF[leftleg]: 11, X90 Y90 0,0,0		101	leftleg	00100011
	BF[rightfoot]: 11, X90 Y90 0,0,0		104	rightfoot	00100011
	BF[leftfoot]: 11, X90 Y90 0,0,0		103	leftfoot	00100011
	BF[connection2]: UNKNOWN: 0,0,0		8	connection2	00100075
	BF[connection3]: UNKNOWN: 0,0,0		9	connection3	00100075
	BF[connection4]: UNKNOWN: 0,0,0		10	connection4	00100075
	BF[connection5]: UNKNOWN: 0,0,0		11	connection5	00100075
	BF[connection6]: UNKNOWN: 0,0,0		12	connection6	00100075
	BF[connection7]: UNKNOWN: 0,0,0		13	connection7	00100075
	BF[connection8]: UNKNOWN: 0,0,0		14	connection8	00100075
	BF[connection9]: UNKNOWN: 0,0,0		15	connection9	00100055
	BF[connection10]: UNKNOWN: 0,0,0		16	connection10	00100055
	BF[connection11]: UNKNOWN: 0,0,0		17	connection11	00100055
	BF[connection12]: 15, no change 0,0,0		18	connection12	00100015
	BF[connection13]: UNKNOWN: 0,0,0		19	connection13	00100055
	BF[spine]: UNKNOWN: 0,0,0		20	spine	00100055
	BF[spine1]: UNKNOWN: 0,0,0		21	spine1	00100055
	BF[spine2]: 15, no change 0,0,0		22	spine2	00100015
	BF[neck]: UNKNOWN: 0,0,0		23	neck	00100055
	BF[leftshoulder]: 15, no change 0,0,0		24	leftshoulder	00100015
	BF[leftwing]: 11, X90 Y90 0,0,0		25	leftwing	00100011
	BF[rightshoulder]: 15, no change 0,0,0		26	rightshoulder	00100015
	BF[rightwing]: 11, X90 Y90 0,0,0		27	rightwing	00100011
	BF[rightwing1]: 15, no change 0,0,0		88	rightwing1	00100015
	BF[rightarm]: UNKNOWN: 0,0,0		70	rightarm	0010001D
	BF[leftwing1]: 15, no change 0,0,0		57	leftwing1	00100015
	BF[leftarm]: UNKNOWN: 0,0,0		39	leftarm	0010001D
	BF[neck1]: UNKNOWN: 0,0,0		28	neck1	00100055
	BF[leftwing2]: 15, no change 0,0,0		58	leftwing2	00100015
	BF[rightforearm]: UNKNOWN: 0,0,0		71	rightforearm	0010001D
	BF[rightwing2]: 15, no change 0,0,0		89	rightwing2	00100015
	BF[neck2]: UNKNOWN: 0,0,0		29	neck2	00100055
	BF[leftforearm]: UNKNOWN: 0,0,0		40	leftforearm	0010001D
	BF[lefthand]: UNKNOWN: 0,0,0		41	lefthand	00100019
	BF[rightwing3]: 15, no change 0,0,0		90	rightwing3	00100015
	BF[righthand]: UNKNOWN: 0,0,0		72	righthand	00100019
	BF[head]: UNKNOWN: 0,0,0		30	head	00100055
	BF[leftwing3]: 15, no change 0,0,0		59	leftwing3	00100015
	BF[rightwing4]: 15, no change 0,0,0		91	rightwing4	00100015
	BF[tin]: UNKNOWN: 0,0,0		31	tin	00100041
	BF[lefteye]: UNKNOWN: 0,0,0		32	lefteye	00100041
	BF[rightpinky1]: UNKNOWN: 0,0,0		77	rightpinky1	00100055
	BF[rightring1]: UNKNOWN: 0,0,0		76	rightring1	00100055
	BF[rightmiddle1]: UNKNOWN: 0,0,0		75	rightmiddle1	00100055
	BF[rightindex1]: UNKNOWN: 0,0,0		74	rightindex1	00100055
	BF[rightthumb1]: UNKNOWN: 0,0,0		73	rightthumb1	00100055
	BF[righteye]: UNKNOWN: 0,0,0		33	righteye	00100051
	BF[leftwing4]: 15, no change 0,0,0		60	leftwing4	00100015
	BF[leftring1]: UNKNOWN: 0,0,0		45	leftring1	00100055
	BF[leftpinky1]: UNKNOWN: 0,0,0		46	leftpinky1	00100055
	BF[leftmiddle1]: UNKNOWN: 0,0,0		44	leftmiddle1	00100055
	BF[leftindex1]: UNKNOWN: 0,0,0		43	leftindex1	00100055
	BF[leftthumb1]: UNKNOWN: 0,0,0		42	leftthumb1	00100055
	BF[nose]: UNKNOWN: 0,0,0		34	nose	00100041
	BF[rightring2]: UNKNOWN: 0,0,0		84	rightring2	00100055
	BF[rightpinky2]: UNKNOWN: 0,0,0		86	rightpinky2	00100055
	BF[rightmiddle2]: UNKNOWN: 0,0,0		82	rightmiddle2	00100055
	BF[rightindex2]: UNKNOWN: 0,0,0		80	rightindex2	00100055
	BF[rightthumb2]: UNKNOWN: 0,0,0		78	rightthumb2	00100055
	BF[leftthumb2]: UNKNOWN: 0,0,0		47	leftthumb2	00100055
	BF[leftpinky2]: UNKNOWN: 0,0,0		55	leftpinky2	00100055
	BF[leftindex2]: UNKNOWN: 0,0,0		49	leftindex2	00100055
	BF[tongue]: UNKNOWN: 0,0,0		35	tongue	00100055
	BF[leftmiddle2]: UNKNOWN: 0,0,0		51	leftmiddle2	00100055
	BF[l_wing_skl31]: 15, no change 0,0,0		61	l_wing_skl31	00100015
	BF[leftring2]: UNKNOWN: 0,0,0		53	leftring2	00100055
	BF[r_wing_skl31]: 15, no change 0,0,0		92	r_wing_skl31	00100015
	BF[r_wing_skl21]: 15, no change 0,0,0		93	r_wing_skl21	00100015
	BF[r_wing_skl11]: 15, no change 0,0,0		94	r_wing_skl11	00100015
	BF[l_wing_skl11]: 15, no change 0,0,0		63	l_wing_skl11	00100015
	BF[l_wing_skl21]: 15, no change 0,0,0		62	l_wing_skl21	00100015
	BF[tongue1]: UNKNOWN: 0,0,0		36	tongue1	00100055
	BF[r_wing_skl32]: 15, no change 0,0,0		95	r_wing_skl32	00100015
	BF[r_wing_skl22]: 15, no change 0,0,0		97	r_wing_skl22	00100015
	BF[rightpinky3]: UNKNOWN: 0,0,0		87	rightpinky3	00100055
	BF[r_wing_skl12]: 15, no change 0,0,0		99	r_wing_skl12	00100015
	BF[leftpinky3]: UNKNOWN: 0,0,0		56	leftpinky3	00100055
	BF[leftring3]: UNKNOWN: 0,0,0		54	leftring3	00100055
	BF[l_wing_skl32]: 15, no change 0,0,0		64	l_wing_skl32	00100015
	BF[l_wing_skl22]: 15, no change 0,0,0		66	l_wing_skl22	00100015
	BF[l_wing_skl12]: 15, no change 0,0,0		68	l_wing_skl12	00100015
	BF[leftmiddle3]: UNKNOWN: 0,0,0		52	leftmiddle3	00100055
	BF[leftindex3]: UNKNOWN: 0,0,0		50	leftindex3	00100055
	BF[leftthumb3]: UNKNOWN: 0,0,0		48	leftthumb3	00100055
	BF[rightthumb3]: UNKNOWN: 0,0,0		79	rightthumb3	00100055
	BF[rightindex3]: UNKNOWN: 0,0,0		81	rightindex3	00100055
	BF[rightmiddle3]: UNKNOWN: 0,0,0		83	rightmiddle3	00100055
	BF[rightring3]: UNKNOWN: 0,0,0		85	rightring3	00100055
	BF[l_wing_skl13]: 15, no change 0,0,0		69	l_wing_skl13	00100015
	BF[l_wing_skl23]: 15, no change 0,0,0		67	l_wing_skl23	00100015
	BF[r_wing_skl33]: 15, no change 0,0,0		96	r_wing_skl33	00100015
	BF[l_wing_skl33]: 15, no change 0,0,0		65	l_wing_skl33	00100015
	BF[r_wing_skl23]: 15, no change 0,0,0		98	r_wing_skl23	00100015
	BF[r_wing_skl13]: 15, no change 0,0,0		100	r_wing_skl13	00100015
	BF[tongue2]: UNKNOWN: 0,0,0		37	tongue2	00100055
	BF[tongue3]: UNKNOWN: 0,0,0		38	tongue3	00100055
	ST Count:	540
		IA Start p: 00004BC0
		IA [0]	@00004BD0	1593	B:59656	C(est):29828		0 - 1592 2684
		Total RC's:1
		IA Count: 1
		IA-RC Count:53
		IA End p: 000134D8
		VA 0 @000134E8 N:270 S: 100 T:270
		VA 1 @00019E70 N:1593 S: 100 T:1863
		VA 2 @00040CC4 N:947 S: 100 T:2810
		VA 3 @00057EC0 N:95 S: 100 T:2905
		VA 4 @0005A3EC N:17 S: 100 T:2922
		VA 5 @0005AAA0 N:346 S: 100 T:3268
		VA 6 @000631D8 N:184 S: 100 T:3452
		VA 7 @000679C8 N:1311 S: 100 T:4763
		VA 8 @000879F4 N:25 S: 100 T:4788
		VA 9 @000883C8 N:269 S: 100 T:5057
		VA 10 @0008ECEC N:94 S: 100 T:5151
		VA 11 @000911B4 N:224 S: 100 T:5375
		VA 12 @00096944 N:379 S: 100 T:5754
		VA 13 @0009FD60 N:97 S: 100 T:5851
		VA 14 @000A2354 N:671 S: 100 T:6522
		VA 15 @000B2980 N:17 S: 100 T:6539
		VA 16 @000B3034 N:349 S: 100 T:6888
		VA 17 @000BB898 N:177 S: 100 T:7065
		VA 18 @000BFDCC N:1311 S: 100 T:8376
		VA 19 @000DFDF8 N:25 S: 100 T:8401
		VA 20 @000E07CC N:122 S: 100 T:8523
		VA 21 @000E3784 N:543 S: 100 T:9066
		VA 22 @000F0BB0 N:280 S: 100 T:9346
		VA 23 @000F7920 N:247 S: 100 T:9593
		VA 24 @000FD9AC N:264 S: 100 T:9857
		VA 25 @001040DC N:321 S: 100 T:10178
		VA 26 @0010BE50 N:151 S: 100 T:10329
		VA 27 @0010F95C N:171 S: 100 T:10500
		VA 28 @00113C38 N:245 S: 100 T:10745
		VA 29 @00119BFC N:269 S: 100 T:11014
		VA 30 @00120520 N:324 S: 100 T:11338
		VA 31 @001283C0 N:151 S: 100 T:11489
		VA 32 @0012BECC N:167 S: 100 T:11656
		VA 33 @00130018 N:902 S: 100 T:12558
		VA 34 @00146080 N:568 S: 100 T:13126
		VA 35 @00153E70 N:583 S: 100 T:13709
		VA 36 @0016223C N:431 S: 100 T:14140
		VA 37 @0016CAA8 N:248 S: 100 T:14388
		VA 38 @00172B98 N:155 S: 100 T:14543
		VA 39 @00176834 N:242 S: 100 T:14785
		VA 40 @0017C6CC N:103 S: 100 T:14888
		VA 41 @0017EF18 N:248 S: 100 T:15136
		VA 42 @00185008 N:157 S: 100 T:15293
		VA 43 @00188D6C N:237 S: 100 T:15530
		VA 44 @0018EA10 N:95 S: 100 T:15625
		VA 45 @00190F3C N:181 S: 100 T:15806
		VA 46 @00195600 N:128 S: 100 T:15934
		VA 47 @00198810 N:69 S: 100 T:16003
		VA 48 @0019A314 N:183 S: 100 T:16186
		VA 49 @0019EAA0 N:135 S: 100 T:16321
		VA 50 @001A1F6C N:69 S: 100 T:16390
		VA 51 @001A3A70 N:167 S: 100 T:16557
		VA 52 @001A7BBC N:163 S: 100 T:16720
VA End: 001ABB68	53
RCMD MP: 30 
IAVA Set: 0,0	0/0 FFEF0FB8 -> FFEF13BA	00004BD0 -> 000134D8	0 513,	0 1026
RCMD MP: 56 55 54 53 52 51 50 49 48 47 46 45 44 43 42 41 40 39 31 30 29 28 
IAVA Set: 0,1	0/1 FFEF13BA -> FFEF2C76	00004BD0 -> 000134D8	513 3166,	1026 6332
RCMD MP: 56 55 54 53 52 51 50 49 48 47 46 45 44 43 42 41 40 39 24 
IAVA Set: 0,2	0/2 FFEF2C76 -> FFEF3AB0	00004BD0 -> 000134D8	3679 1821,	7358 3642
RCMD MP: 39 31 30 29 28 24 23 22 
IAVA Set: 0,3	0/3 FFEF3AB0 -> FFEF3BF0	00004BD0 -> 000134D8	5500 160,	11000 320
RCMD MP: 30 29 28 23 22 
IAVA Set: 0,4	0/4 FFEF3BF0 -> FFEF3C2E	00004BD0 -> 000134D8	5660 31,	11320 62
RCMD MP: 39 30 29 28 25 24 23 22 21 20 19 18 17 16 15 14 13 12 11 10 9 8 
IAVA Set: 0,5	0/5 FFEF3C2E -> FFEF4022	00004BD0 -> 000134D8	5691 506,	11382 1012
RCMD MP: 39 28 26 25 24 23 22 21 20 19 18 17 16 15 14 13 12 
IAVA Set: 0,6	0/6 FFEF4022 -> FFEF4250	00004BD0 -> 000134D8	6197 279,	12394 558
RCMD MP: 69 68 67 66 65 64 63 62 61 60 59 58 57 38 35 34 31 30 25 22 21 20 
IAVA Set: 0,7	0/7 FFEF4250 -> FFEF5778	00004BD0 -> 000134D8	6476 2708,	12952 5416
RCMD MP: 69 68 67 66 64 63 62 61 59 58 57 
IAVA Set: 0,8	0/8 FFEF5778 -> FFEF57C2	00004BD0 -> 000134D8	9184 37,	18368 74
RCMD MP: 104 103 102 101 6 5 
IAVA Set: 0,9	0/9 FFEF57C2 -> FFEF5BE8	00004BD0 -> 000134D8	9221 531,	18442 1062
RCMD MP: 102 101 6 5 
IAVA Set: 0,10	0/10 FFEF5BE8 -> FFEF5D6C	00004BD0 -> 000134D8	9752 194,	19504 388
RCMD MP: 104 103 102 101 
IAVA Set: 0,11	0/11 FFEF5D6C -> FFEF612E	00004BD0 -> 000134D8	9946 481,	19892 962
RCMD MP: 71 70 31 30 29 28 26 23 22 
IAVA Set: 0,12	0/12 FFEF612E -> FFEF6786	00004BD0 -> 000134D8	10427 812,	20854 1624
RCMD MP: 70 31 30 29 28 26 23 22 
IAVA Set: 0,13	0/13 FFEF6786 -> FFEF68DE	00004BD0 -> 000134D8	11239 172,	22478 344
RCMD MP: 71 70 31 30 29 28 
IAVA Set: 0,14	0/14 FFEF68DE -> FFEF7294	00004BD0 -> 000134D8	11411 1243,	22822 2486
RCMD MP: 30 29 28 23 22 
IAVA Set: 0,15	0/15 FFEF7294 -> FFEF72D4	00004BD0 -> 000134D8	12654 32,	25308 64
RCMD MP: 70 30 29 28 27 26 23 22 21 20 19 18 17 16 15 14 13 12 11 10 9 8 
IAVA Set: 0,16	0/16 FFEF72D4 -> FFEF76DA	00004BD0 -> 000134D8	12686 515,	25372 1030
RCMD MP: 70 28 27 26 24 23 22 21 20 19 18 17 16 15 14 13 12 
IAVA Set: 0,17	0/17 FFEF76DA -> FFEF78F6	00004BD0 -> 000134D8	13201 270,	26402 540
RCMD MP: 100 99 98 97 96 95 94 93 92 91 90 89 88 38 35 34 31 30 27 22 21 20 
IAVA Set: 0,18	0/18 FFEF78F6 -> FFEF8DD8	00004BD0 -> 000134D8	13471 2673,	26942 5346
RCMD MP: 100 99 98 97 95 94 93 92 90 89 88 
IAVA Set: 0,19	0/19 FFEF8DD8 -> FFEF8E22	00004BD0 -> 000134D8	16144 37,	32288 74
RCMD MP: 33 32 
IAVA Set: 0,20	0/20 FFEF8E22 -> FFEF9040	00004BD0 -> 000134D8	16181 271,	32362 542
RCMD MP: 87 86 85 84 83 82 81 80 79 77 76 74 73 72 56 54 52 50 40 39 31 30 29 
IAVA Set: 0,21	0/21 FFEF9040 -> FFEF9732	00004BD0 -> 000134D8	16452 889,	32904 1778
RCMD MP: 40 39 31 30 29 28 24 23 22 
IAVA Set: 0,22	0/22 FFEF9732 -> FFEF9B0E	00004BD0 -> 000134D8	17341 494,	34682 988
RCMD MP: 69 68 66 63 62 61 60 59 58 57 25 24 22 21 20 
IAVA Set: 0,23	0/23 FFEF9B0E -> FFEF9E5A	00004BD0 -> 000134D8	17835 422,	35670 844
RCMD MP: 34 31 30 29 17 16 15 14 13 12 11 10 9 8 7 6 5 
IAVA Set: 0,24	0/24 FFEF9E5A -> FFEFA1CA	00004BD0 -> 000134D8	18257 440,	36514 880
RCMD MP: 57 39 34 31 30 25 24 23 22 21 20 19 17 16 15 14 13 12 11 10 9 5 
IAVA Set: 0,25	0/25 FFEFA1CA -> FFEFA5B0	00004BD0 -> 000134D8	18697 499,	37394 998
RCMD MP: 69 68 67 66 65 64 63 62 59 58 57 39 25 24 22 21 20 19 17 16 15 14 13 12 
IAVA Set: 0,26	0/26 FFEFA5B0 -> FFEFA7A2	00004BD0 -> 000134D8	19196 249,	38392 498
RCMD MP: 69 68 67 66 65 64 63 62 61 57 39 26 25 24 23 22 21 20 10 9 8 7 5 
IAVA Set: 0,27	0/27 FFEFA7A2 -> FFEFA9BA	00004BD0 -> 000134D8	19445 268,	38890 536
RCMD MP: 100 99 97 94 93 92 91 90 89 88 27 26 22 21 20 
IAVA Set: 0,28	0/28 FFEFA9BA -> FFEFAD0A	00004BD0 -> 000134D8	19713 424,	39426 848
RCMD MP: 34 31 30 29 20 19 18 17 16 15 14 13 12 11 10 9 8 7 6 5 
IAVA Set: 0,29	0/29 FFEFAD0A -> FFEFB0A6	00004BD0 -> 000134D8	20137 462,	40274 924
RCMD MP: 88 70 34 31 30 27 26 23 22 21 20 19 17 16 15 14 13 12 11 10 9 5 
IAVA Set: 0,30	0/30 FFEFB0A6 -> FFEFB48E	00004BD0 -> 000134D8	20599 500,	41198 1000
RCMD MP: 100 99 98 97 96 95 94 93 90 89 88 70 27 26 22 21 20 19 17 16 15 14 13 12 
IAVA Set: 0,31	0/31 FFEFB48E -> FFEFB68E	00004BD0 -> 000134D8	21099 256,	42198 512
RCMD MP: 100 99 98 97 96 95 94 93 92 88 70 27 26 24 23 22 21 20 10 9 8 7 5 
IAVA Set: 0,32	0/32 FFEFB68E -> FFEFB88C	00004BD0 -> 000134D8	21355 255,	42710 510
RCMD MP: 87 86 85 84 83 82 81 80 79 78 77 76 75 74 72 71 
IAVA Set: 0,33	0/33 FFEFB88C -> FFEFC4E0	00004BD0 -> 000134D8	21610 1578,	43220 3156
RCMD MP: 87 86 85 84 83 82 81 80 79 77 76 75 74 73 72 71 
IAVA Set: 0,34	0/34 FFEFC4E0 -> FFEFCC24	00004BD0 -> 000134D8	23188 930,	46376 1860
RCMD MP: 87 86 85 84 83 82 81 80 79 78 77 76 75 74 73 72 71 
IAVA Set: 0,35	0/35 FFEFCC24 -> FFEFD39A	00004BD0 -> 000134D8	24118 955,	48236 1910
RCMD MP: 87 86 85 84 83 82 81 80 79 78 77 76 75 74 73 72 40 39 30 29 28 24 23 22 
IAVA Set: 0,36	0/36 FFEFD39A -> FFEFD864	00004BD0 -> 000134D8	25073 613,	50146 1226
RCMD MP: 31 30 24 22 21 20 19 18 17 16 15 14 13 12 11 10 9 8 7 6 5 
IAVA Set: 0,37	0/37 FFEFD864 -> FFEFDBDE	00004BD0 -> 000134D8	25686 445,	51372 890
RCMD MP: 63 62 60 59 58 57 25 24 23 22 21 20 19 18 17 16 15 14 13 12 11 
IAVA Set: 0,38	0/38 FFEFDBDE -> FFEFDDA6	00004BD0 -> 000134D8	26131 228,	52262 456
RCMD MP: 69 68 67 66 65 64 63 62 61 59 58 57 24 22 20 19 18 17 
IAVA Set: 0,39	0/39 FFEFDDA6 -> FFEFE0E8	00004BD0 -> 000134D8	26359 417,	52718 834
RCMD MP: 68 66 63 62 61 59 58 57 39 26 24 23 22 21 15 14 13 12 10 9 8 7 5 
IAVA Set: 0,40	0/40 FFEFE0E8 -> FFEFE21A	00004BD0 -> 000134D8	26776 153,	53552 306
RCMD MP: 31 30 26 22 21 20 19 18 17 16 15 14 13 12 11 10 9 8 7 6 5 
IAVA Set: 0,41	0/41 FFEFE21A -> FFEFE576	00004BD0 -> 000134D8	26929 430,	53858 860
RCMD MP: 94 93 91 90 89 88 27 26 23 22 21 20 19 18 17 16 15 14 13 12 11 
IAVA Set: 0,42	0/42 FFEFE576 -> FFEFE742	00004BD0 -> 000134D8	27359 230,	54718 460
RCMD MP: 100 99 98 97 96 95 94 93 92 90 89 88 26 22 
IAVA Set: 0,43	0/43 FFEFE742 -> FFEFEA98	00004BD0 -> 000134D8	27589 427,	55178 854
RCMD MP: 99 97 94 93 92 90 89 88 70 26 23 22 21 16 15 14 13 12 10 9 8 7 5 
IAVA Set: 0,44	0/44 FFEFEA98 -> FFEFEBAE	00004BD0 -> 000134D8	28016 139,	56032 278
RCMD MP: 63 60 59 58 57 34 31 30 25 24 22 21 20 19 7 6 5 
IAVA Set: 0,45	0/45 FFEFEBAE -> FFEFEDDA	00004BD0 -> 000134D8	28155 278,	56310 556
RCMD MP: 23 22 21 20 19 18 17 16 15 14 13 12 11 10 9 8 7 5 
IAVA Set: 0,46	0/46 FFEFEDDA -> FFEFEF46	00004BD0 -> 000134D8	28433 182,	56866 364
RCMD MP: 39 38 37 36 35 24 23 22 21 
IAVA Set: 0,47	0/47 FFEFEF46 -> FFEFF03C	00004BD0 -> 000134D8	28615 123,	57230 246
RCMD MP: 94 91 90 89 88 34 31 30 27 26 22 21 20 19 7 6 5 
IAVA Set: 0,48	0/48 FFEFF03C -> FFEFF25C	00004BD0 -> 000134D8	28738 272,	57476 544
RCMD MP: 23 22 21 20 19 18 17 16 15 14 13 12 11 10 9 8 7 5 
IAVA Set: 0,49	0/49 FFEFF25C -> FFEFF3DE	00004BD0 -> 000134D8	29010 193,	58020 386
RCMD MP: 70 38 37 36 35 27 26 24 23 22 21 
IAVA Set: 0,50	0/50 FFEFF3DE -> FFEFF4C4	00004BD0 -> 000134D8	29203 115,	58406 230
RCMD MP: 67 66 65 64 63 62 61 59 58 57 39 38 37 36 35 31 30 25 24 23 22 21 20 
IAVA Set: 0,51	0/51 FFEFF4C4 -> FFEFF6C2	00004BD0 -> 000134D8	29318 255,	58636 510
RCMD MP: 98 97 96 95 94 93 92 90 89 88 70 38 37 36 35 31 30 27 26 23 22 21 20 
IAVA Set: 0,52	0/52 FFEFF6C2 -> FFEFF8C0	00004BD0 -> 000134D8	29573 255,	59146 510
#BLOCK: sdw\sw01\sw01_01.dds                                            
#TEXTURE: 0 out\input_sw01.ipk_sdw_sw01_sw01_01.dds00000088.tga
#BLOCK: sdw\sw01\sw01_02.dds                                            
#TEXTURE: 1 out\input_sw01.ipk_sdw_sw01_sw01_02.dds00000088.tga
#BLOCK: sdw\sw01\sw01_02_n.dds                                          
#TEXTURE: 2 out\input_sw01.ipk_sdw_sw01_sw01_02_n.dds00000088.tga
#BLOCK: sdw\sw01\sw01_01_n.dds                                          
#TEXTURE: 3 out\input_sw01.ipk_sdw_sw01_sw01_01_n.dds00000088.tga
#BLOCK: sdw\sw01\sw01_03.dds                                            
#BLOCK: sdw\sw01\sw01_mot.mpk                                           
#BLOCK: sdw\sw01\bs11_01.dds                                            
#TEXTURE: 4 out\input_sw01.ipk_sdw_sw01_bs11_01.dds00000088.tga
#BLOCK: sdw\sw01\bs11_02.dds                                            
#TEXTURE: 5 out\input_sw01.ipk_sdw_sw01_bs11_02.dds00000088.tga
#BLOCK: sdw\sw01\bs11_02_n.dds                                          
#TEXTURE: 6 out\input_sw01.ipk_sdw_sw01_bs11_02_n.dds00000088.tga
#BLOCK: sdw\sw01\bs11_01_n.dds                                          
#TEXTURE: 7 out\input_sw01.ipk_sdw_sw01_bs11_01_n.dds00000088.tga
#BLOCK: sdw\sw01\bs11_03.dds                                            
#BLOCK: sdw\sw01\sw01_tex_a.csv                                         
